2025-01-31 10:19:00,427 [INFO] Loading pretrained weights from Hugging Face hub (timm/vit_base_patch16_224.augreg2_in21k_ft_in1k)
2025-01-31 10:19:00,444 [INFO] [timm/vit_base_patch16_224.augreg2_in21k_ft_in1k] Safe alternative available for 'pytorch_model.bin' (as 'model.safetensors'). Loading weights using safetensors.
2025-01-31 10:19:03,082 [INFO] 
Starting task 0
2025-01-31 10:19:13,848 [INFO] Task 0, Epoch 0: Loss = 1.2567, Acc = 75.80%
2025-01-31 10:19:19,944 [INFO] Task 0, Epoch 1: Loss = 0.0438, Acc = 98.80%
2025-01-31 10:19:26,060 [INFO] Task 0, Epoch 2: Loss = 0.0093, Acc = 100.00%
2025-01-31 10:19:32,165 [INFO] Task 0, Epoch 3: Loss = 0.0053, Acc = 100.00%
2025-01-31 10:19:38,266 [INFO] Task 0, Epoch 4: Loss = 0.0045, Acc = 100.00%
2025-01-31 10:19:44,366 [INFO] Task 0, Epoch 5: Loss = 0.0036, Acc = 100.00%
2025-01-31 10:19:50,464 [INFO] Task 0, Epoch 6: Loss = 0.0036, Acc = 100.00%
2025-01-31 10:19:56,573 [INFO] Task 0, Epoch 7: Loss = 0.0033, Acc = 100.00%
2025-01-31 10:20:02,672 [INFO] Task 0, Epoch 8: Loss = 0.0027, Acc = 100.00%
2025-01-31 10:20:08,773 [INFO] Task 0, Epoch 9: Loss = 0.0027, Acc = 100.00%
2025-01-31 10:20:14,881 [INFO] Task 0, Epoch 10: Loss = 0.0026, Acc = 100.00%
2025-01-31 10:20:20,993 [INFO] Task 0, Epoch 11: Loss = 0.0023, Acc = 100.00%
2025-01-31 10:20:27,107 [INFO] Task 0, Epoch 12: Loss = 0.0025, Acc = 100.00%
2025-01-31 10:20:33,212 [INFO] Task 0, Epoch 13: Loss = 0.0022, Acc = 100.00%
2025-01-31 10:20:39,313 [INFO] Task 0, Epoch 14: Loss = 0.0021, Acc = 100.00%
2025-01-31 10:20:39,313 [INFO] Task 0 completed. Average loss: 0.0021
2025-01-31 10:20:42,578 [INFO] Accuracy on task 0: 100.00%
2025-01-31 10:20:42,578 [INFO] 
Starting task 1
2025-01-31 10:20:50,700 [INFO] Task 1, Epoch 0: Loss = 1.4362, Acc = 73.70%
2025-01-31 10:20:58,828 [INFO] Task 1, Epoch 1: Loss = 0.0981, Acc = 97.40%
2025-01-31 10:21:06,924 [INFO] Task 1, Epoch 2: Loss = 0.0534, Acc = 99.00%
2025-01-31 10:21:14,978 [INFO] Task 1, Epoch 3: Loss = 0.0322, Acc = 99.90%
2025-01-31 10:21:23,150 [INFO] Task 1, Epoch 4: Loss = 0.0242, Acc = 100.00%
2025-01-31 10:21:31,320 [INFO] Task 1, Epoch 5: Loss = 0.0189, Acc = 100.00%
2025-01-31 10:21:39,491 [INFO] Task 1, Epoch 6: Loss = 0.0147, Acc = 100.00%
2025-01-31 10:21:47,670 [INFO] Task 1, Epoch 7: Loss = 0.0118, Acc = 100.00%
2025-01-31 10:21:55,838 [INFO] Task 1, Epoch 8: Loss = 0.0103, Acc = 100.00%
2025-01-31 10:22:04,007 [INFO] Task 1, Epoch 9: Loss = 0.0088, Acc = 100.00%
2025-01-31 10:22:12,177 [INFO] Task 1, Epoch 10: Loss = 0.0073, Acc = 100.00%
2025-01-31 10:22:20,354 [INFO] Task 1, Epoch 11: Loss = 0.0065, Acc = 100.00%
2025-01-31 10:22:28,519 [INFO] Task 1, Epoch 12: Loss = 0.0058, Acc = 100.00%
2025-01-31 10:22:36,685 [INFO] Task 1, Epoch 13: Loss = 0.0052, Acc = 100.00%
2025-01-31 10:22:44,850 [INFO] Task 1, Epoch 14: Loss = 0.0047, Acc = 100.00%
2025-01-31 10:22:44,850 [INFO] Task 1 completed. Average loss: 0.0047
2025-01-31 10:22:52,679 [INFO] Accuracy on task 0: 42.50%
2025-01-31 10:23:00,488 [INFO] Accuracy on task 1: 100.00%
2025-01-31 10:23:00,488 [INFO] 
Starting task 2
2025-01-31 10:23:08,643 [INFO] Task 2, Epoch 0: Loss = 1.5933, Acc = 73.50%
2025-01-31 10:23:16,804 [INFO] Task 2, Epoch 1: Loss = 0.0527, Acc = 99.10%
2025-01-31 10:23:24,968 [INFO] Task 2, Epoch 2: Loss = 0.0281, Acc = 99.60%
2025-01-31 10:23:33,128 [INFO] Task 2, Epoch 3: Loss = 0.0179, Acc = 99.90%
2025-01-31 10:23:41,288 [INFO] Task 2, Epoch 4: Loss = 0.0121, Acc = 100.00%
2025-01-31 10:23:49,451 [INFO] Task 2, Epoch 5: Loss = 0.0092, Acc = 100.00%
2025-01-31 10:23:57,607 [INFO] Task 2, Epoch 6: Loss = 0.0070, Acc = 100.00%
2025-01-31 10:24:05,764 [INFO] Task 2, Epoch 7: Loss = 0.0059, Acc = 100.00%
2025-01-31 10:24:13,907 [INFO] Task 2, Epoch 8: Loss = 0.0050, Acc = 100.00%
2025-01-31 10:24:22,012 [INFO] Task 2, Epoch 9: Loss = 0.0045, Acc = 100.00%
2025-01-31 10:24:30,127 [INFO] Task 2, Epoch 10: Loss = 0.0038, Acc = 100.00%
2025-01-31 10:24:38,173 [INFO] Task 2, Epoch 11: Loss = 0.0033, Acc = 100.00%
2025-01-31 10:24:46,213 [INFO] Task 2, Epoch 12: Loss = 0.0029, Acc = 100.00%
2025-01-31 10:24:54,266 [INFO] Task 2, Epoch 13: Loss = 0.0027, Acc = 100.00%
2025-01-31 10:25:02,321 [INFO] Task 2, Epoch 14: Loss = 0.0024, Acc = 100.00%
2025-01-31 10:25:02,321 [INFO] Task 2 completed. Average loss: 0.0024
2025-01-31 10:25:10,062 [INFO] Accuracy on task 0: 0.20%
2025-01-31 10:25:17,800 [INFO] Accuracy on task 1: 25.80%
2025-01-31 10:25:25,539 [INFO] Accuracy on task 2: 100.00%
2025-01-31 10:25:25,539 [INFO] 
Starting task 3
2025-01-31 10:25:33,601 [INFO] Task 3, Epoch 0: Loss = 1.4970, Acc = 74.90%
2025-01-31 10:25:41,656 [INFO] Task 3, Epoch 1: Loss = 0.0594, Acc = 98.80%
2025-01-31 10:25:49,719 [INFO] Task 3, Epoch 2: Loss = 0.0318, Acc = 99.40%
2025-01-31 10:25:57,779 [INFO] Task 3, Epoch 3: Loss = 0.0222, Acc = 99.80%
2025-01-31 10:26:05,842 [INFO] Task 3, Epoch 4: Loss = 0.0162, Acc = 99.90%
2025-01-31 10:26:13,902 [INFO] Task 3, Epoch 5: Loss = 0.0118, Acc = 100.00%
2025-01-31 10:26:21,968 [INFO] Task 3, Epoch 6: Loss = 0.0095, Acc = 100.00%
2025-01-31 10:26:30,025 [INFO] Task 3, Epoch 7: Loss = 0.0079, Acc = 100.00%
2025-01-31 10:26:38,090 [INFO] Task 3, Epoch 8: Loss = 0.0066, Acc = 100.00%
2025-01-31 10:26:46,150 [INFO] Task 3, Epoch 9: Loss = 0.0056, Acc = 100.00%
2025-01-31 10:26:54,218 [INFO] Task 3, Epoch 10: Loss = 0.0051, Acc = 100.00%
2025-01-31 10:27:02,284 [INFO] Task 3, Epoch 11: Loss = 0.0042, Acc = 100.00%
2025-01-31 10:27:10,346 [INFO] Task 3, Epoch 12: Loss = 0.0036, Acc = 100.00%
2025-01-31 10:27:18,409 [INFO] Task 3, Epoch 13: Loss = 0.0035, Acc = 100.00%
2025-01-31 10:27:26,474 [INFO] Task 3, Epoch 14: Loss = 0.0030, Acc = 100.00%
2025-01-31 10:27:26,474 [INFO] Task 3 completed. Average loss: 0.0030
2025-01-31 10:27:34,212 [INFO] Accuracy on task 0: 0.00%
2025-01-31 10:27:41,951 [INFO] Accuracy on task 1: 1.10%
2025-01-31 10:27:49,690 [INFO] Accuracy on task 2: 38.20%
2025-01-31 10:27:57,431 [INFO] Accuracy on task 3: 100.00%
2025-01-31 10:27:57,432 [INFO] 
Starting task 4
2025-01-31 10:28:05,497 [INFO] Task 4, Epoch 0: Loss = 1.4342, Acc = 75.70%
2025-01-31 10:28:13,560 [INFO] Task 4, Epoch 1: Loss = 0.0457, Acc = 99.20%
2025-01-31 10:28:21,619 [INFO] Task 4, Epoch 2: Loss = 0.0246, Acc = 99.70%
2025-01-31 10:28:29,681 [INFO] Task 4, Epoch 3: Loss = 0.0162, Acc = 99.90%
2025-01-31 10:28:37,748 [INFO] Task 4, Epoch 4: Loss = 0.0120, Acc = 100.00%
2025-01-31 10:28:45,812 [INFO] Task 4, Epoch 5: Loss = 0.0095, Acc = 100.00%
2025-01-31 10:28:53,875 [INFO] Task 4, Epoch 6: Loss = 0.0080, Acc = 100.00%
2025-01-31 10:29:01,947 [INFO] Task 4, Epoch 7: Loss = 0.0067, Acc = 100.00%
2025-01-31 10:29:10,013 [INFO] Task 4, Epoch 8: Loss = 0.0054, Acc = 100.00%
2025-01-31 10:29:18,097 [INFO] Task 4, Epoch 9: Loss = 0.0048, Acc = 100.00%
2025-01-31 10:29:26,176 [INFO] Task 4, Epoch 10: Loss = 0.0043, Acc = 100.00%
2025-01-31 10:29:34,250 [INFO] Task 4, Epoch 11: Loss = 0.0038, Acc = 100.00%
2025-01-31 10:29:42,323 [INFO] Task 4, Epoch 12: Loss = 0.0032, Acc = 100.00%
2025-01-31 10:29:50,397 [INFO] Task 4, Epoch 13: Loss = 0.0030, Acc = 100.00%
2025-01-31 10:29:58,470 [INFO] Task 4, Epoch 14: Loss = 0.0028, Acc = 100.00%
2025-01-31 10:29:58,470 [INFO] Task 4 completed. Average loss: 0.0028
2025-01-31 10:30:06,222 [INFO] Accuracy on task 0: 0.00%
2025-01-31 10:30:13,967 [INFO] Accuracy on task 1: 0.00%
2025-01-31 10:30:21,707 [INFO] Accuracy on task 2: 2.60%
2025-01-31 10:30:29,448 [INFO] Accuracy on task 3: 34.10%
2025-01-31 10:30:37,190 [INFO] Accuracy on task 4: 100.00%
2025-01-31 10:30:37,190 [INFO] 
Starting task 5
2025-01-31 10:30:45,261 [INFO] Task 5, Epoch 0: Loss = 1.5415, Acc = 72.80%
2025-01-31 10:30:53,327 [INFO] Task 5, Epoch 1: Loss = 0.0962, Acc = 98.20%
2025-01-31 10:31:01,395 [INFO] Task 5, Epoch 2: Loss = 0.0604, Acc = 98.90%
2025-01-31 10:31:09,459 [INFO] Task 5, Epoch 3: Loss = 0.0424, Acc = 99.40%
2025-01-31 10:31:17,525 [INFO] Task 5, Epoch 4: Loss = 0.0306, Acc = 99.60%
2025-01-31 10:31:25,588 [INFO] Task 5, Epoch 5: Loss = 0.0259, Acc = 99.70%
2025-01-31 10:31:33,652 [INFO] Task 5, Epoch 6: Loss = 0.0203, Acc = 99.90%
2025-01-31 10:31:41,719 [INFO] Task 5, Epoch 7: Loss = 0.0158, Acc = 99.90%
2025-01-31 10:31:49,781 [INFO] Task 5, Epoch 8: Loss = 0.0125, Acc = 100.00%
2025-01-31 10:31:57,843 [INFO] Task 5, Epoch 9: Loss = 0.0114, Acc = 100.00%
2025-01-31 10:32:05,907 [INFO] Task 5, Epoch 10: Loss = 0.0099, Acc = 100.00%
2025-01-31 10:32:13,971 [INFO] Task 5, Epoch 11: Loss = 0.0082, Acc = 100.00%
2025-01-31 10:32:22,040 [INFO] Task 5, Epoch 12: Loss = 0.0078, Acc = 100.00%
2025-01-31 10:32:30,105 [INFO] Task 5, Epoch 13: Loss = 0.0066, Acc = 100.00%
2025-01-31 10:32:38,171 [INFO] Task 5, Epoch 14: Loss = 0.0060, Acc = 100.00%
2025-01-31 10:32:38,171 [INFO] Task 5 completed. Average loss: 0.0060
2025-01-31 10:32:45,917 [INFO] Accuracy on task 0: 0.00%
2025-01-31 10:32:53,661 [INFO] Accuracy on task 1: 0.00%
2025-01-31 10:33:01,406 [INFO] Accuracy on task 2: 0.00%
2025-01-31 10:33:09,149 [INFO] Accuracy on task 3: 3.70%
2025-01-31 10:33:16,891 [INFO] Accuracy on task 4: 49.70%
2025-01-31 10:33:24,808 [INFO] Accuracy on task 5: 100.00%
2025-01-31 10:33:24,808 [INFO] 
Starting task 6
2025-01-31 10:33:34,198 [INFO] Task 6, Epoch 0: Loss = 1.2767, Acc = 76.40%
2025-01-31 10:33:42,425 [INFO] Task 6, Epoch 1: Loss = 0.0678, Acc = 98.60%
2025-01-31 10:33:50,585 [INFO] Task 6, Epoch 2: Loss = 0.0341, Acc = 99.80%
2025-01-31 10:33:58,896 [INFO] Task 6, Epoch 3: Loss = 0.0219, Acc = 100.00%
2025-01-31 10:34:07,185 [INFO] Task 6, Epoch 4: Loss = 0.0154, Acc = 100.00%
2025-01-31 10:34:15,420 [INFO] Task 6, Epoch 5: Loss = 0.0114, Acc = 100.00%
2025-01-31 10:34:23,719 [INFO] Task 6, Epoch 6: Loss = 0.0092, Acc = 100.00%
2025-01-31 10:34:31,989 [INFO] Task 6, Epoch 7: Loss = 0.0083, Acc = 100.00%
2025-01-31 10:34:40,294 [INFO] Task 6, Epoch 8: Loss = 0.0065, Acc = 100.00%
2025-01-31 10:34:48,503 [INFO] Task 6, Epoch 9: Loss = 0.0059, Acc = 100.00%
2025-01-31 10:34:56,819 [INFO] Task 6, Epoch 10: Loss = 0.0050, Acc = 100.00%
2025-01-31 10:35:05,140 [INFO] Task 6, Epoch 11: Loss = 0.0044, Acc = 100.00%
2025-01-31 10:35:13,435 [INFO] Task 6, Epoch 12: Loss = 0.0040, Acc = 100.00%
2025-01-31 10:35:21,719 [INFO] Task 6, Epoch 13: Loss = 0.0038, Acc = 100.00%
2025-01-31 10:35:29,837 [INFO] Task 6, Epoch 14: Loss = 0.0031, Acc = 100.00%
2025-01-31 10:35:29,837 [INFO] Task 6 completed. Average loss: 0.0031
2025-01-31 10:35:37,618 [INFO] Accuracy on task 0: 0.00%
2025-01-31 10:35:45,559 [INFO] Accuracy on task 1: 0.00%
2025-01-31 10:35:53,516 [INFO] Accuracy on task 2: 0.00%
2025-01-31 10:36:01,470 [INFO] Accuracy on task 3: 0.20%
2025-01-31 10:36:09,433 [INFO] Accuracy on task 4: 2.40%
2025-01-31 10:36:17,360 [INFO] Accuracy on task 5: 42.00%
2025-01-31 10:36:25,232 [INFO] Accuracy on task 6: 100.00%
2025-01-31 10:36:25,233 [INFO] 
Starting task 7
2025-01-31 10:36:33,499 [INFO] Task 7, Epoch 0: Loss = 1.4494, Acc = 74.20%
2025-01-31 10:36:41,719 [INFO] Task 7, Epoch 1: Loss = 0.0815, Acc = 98.40%
2025-01-31 10:36:49,917 [INFO] Task 7, Epoch 2: Loss = 0.0448, Acc = 99.70%
2025-01-31 10:36:58,235 [INFO] Task 7, Epoch 3: Loss = 0.0301, Acc = 99.90%
2025-01-31 10:37:06,547 [INFO] Task 7, Epoch 4: Loss = 0.0208, Acc = 100.00%
2025-01-31 10:37:14,870 [INFO] Task 7, Epoch 5: Loss = 0.0160, Acc = 100.00%
2025-01-31 10:37:23,017 [INFO] Task 7, Epoch 6: Loss = 0.0130, Acc = 100.00%
2025-01-31 10:37:31,283 [INFO] Task 7, Epoch 7: Loss = 0.0108, Acc = 100.00%
2025-01-31 10:37:39,585 [INFO] Task 7, Epoch 8: Loss = 0.0086, Acc = 100.00%
2025-01-31 10:37:47,878 [INFO] Task 7, Epoch 9: Loss = 0.0075, Acc = 100.00%
2025-01-31 10:37:56,174 [INFO] Task 7, Epoch 10: Loss = 0.0065, Acc = 100.00%
2025-01-31 10:38:04,491 [INFO] Task 7, Epoch 11: Loss = 0.0057, Acc = 100.00%
2025-01-31 10:38:12,772 [INFO] Task 7, Epoch 12: Loss = 0.0051, Acc = 100.00%
2025-01-31 10:38:21,074 [INFO] Task 7, Epoch 13: Loss = 0.0043, Acc = 100.00%
2025-01-31 10:38:29,246 [INFO] Task 7, Epoch 14: Loss = 0.0041, Acc = 100.00%
2025-01-31 10:38:29,247 [INFO] Task 7 completed. Average loss: 0.0041
2025-01-31 10:38:37,211 [INFO] Accuracy on task 0: 0.00%
2025-01-31 10:38:45,150 [INFO] Accuracy on task 1: 0.00%
2025-01-31 10:38:53,042 [INFO] Accuracy on task 2: 0.00%
2025-01-31 10:39:01,011 [INFO] Accuracy on task 3: 0.00%
2025-01-31 10:39:08,948 [INFO] Accuracy on task 4: 0.00%
2025-01-31 10:39:16,871 [INFO] Accuracy on task 5: 1.70%
2025-01-31 10:39:24,778 [INFO] Accuracy on task 6: 26.50%
2025-01-31 10:39:32,732 [INFO] Accuracy on task 7: 100.00%
2025-01-31 10:39:32,733 [INFO] 
Starting task 8
2025-01-31 10:39:41,053 [INFO] Task 8, Epoch 0: Loss = 1.3532, Acc = 75.70%
2025-01-31 10:39:49,368 [INFO] Task 8, Epoch 1: Loss = 0.0427, Acc = 99.20%
2025-01-31 10:39:57,580 [INFO] Task 8, Epoch 2: Loss = 0.0244, Acc = 99.90%
2025-01-31 10:40:05,679 [INFO] Task 8, Epoch 3: Loss = 0.0155, Acc = 99.90%
2025-01-31 10:40:13,968 [INFO] Task 8, Epoch 4: Loss = 0.0113, Acc = 100.00%
2025-01-31 10:40:22,287 [INFO] Task 8, Epoch 5: Loss = 0.0088, Acc = 100.00%
2025-01-31 10:40:30,590 [INFO] Task 8, Epoch 6: Loss = 0.0068, Acc = 100.00%
2025-01-31 10:40:38,804 [INFO] Task 8, Epoch 7: Loss = 0.0056, Acc = 100.00%
2025-01-31 10:40:47,050 [INFO] Task 8, Epoch 8: Loss = 0.0047, Acc = 100.00%
2025-01-31 10:40:55,358 [INFO] Task 8, Epoch 9: Loss = 0.0041, Acc = 100.00%
2025-01-31 10:41:03,655 [INFO] Task 8, Epoch 10: Loss = 0.0035, Acc = 100.00%
2025-01-31 10:41:11,930 [INFO] Task 8, Epoch 11: Loss = 0.0033, Acc = 100.00%
2025-01-31 10:41:20,170 [INFO] Task 8, Epoch 12: Loss = 0.0029, Acc = 100.00%
2025-01-31 10:41:28,462 [INFO] Task 8, Epoch 13: Loss = 0.0026, Acc = 100.00%
2025-01-31 10:41:36,606 [INFO] Task 8, Epoch 14: Loss = 0.0024, Acc = 100.00%
2025-01-31 10:41:36,606 [INFO] Task 8 completed. Average loss: 0.0024
2025-01-31 10:41:44,376 [INFO] Accuracy on task 0: 0.00%
2025-01-31 10:41:52,158 [INFO] Accuracy on task 1: 0.00%
2025-01-31 10:42:00,102 [INFO] Accuracy on task 2: 0.00%
2025-01-31 10:42:08,072 [INFO] Accuracy on task 3: 0.00%
2025-01-31 10:42:16,014 [INFO] Accuracy on task 4: 0.00%
2025-01-31 10:42:23,970 [INFO] Accuracy on task 5: 0.00%
2025-01-31 10:42:31,914 [INFO] Accuracy on task 6: 0.10%
2025-01-31 10:42:39,739 [INFO] Accuracy on task 7: 42.60%
2025-01-31 10:42:47,715 [INFO] Accuracy on task 8: 100.00%
2025-01-31 10:42:47,716 [INFO] 
Starting task 9
2025-01-31 10:42:56,031 [INFO] Task 9, Epoch 0: Loss = 1.1915, Acc = 78.10%
2025-01-31 10:43:04,278 [INFO] Task 9, Epoch 1: Loss = 0.0383, Acc = 99.30%
2025-01-31 10:43:12,443 [INFO] Task 9, Epoch 2: Loss = 0.0184, Acc = 99.80%
2025-01-31 10:43:20,750 [INFO] Task 9, Epoch 3: Loss = 0.0117, Acc = 100.00%
2025-01-31 10:43:29,007 [INFO] Task 9, Epoch 4: Loss = 0.0084, Acc = 100.00%
2025-01-31 10:43:37,317 [INFO] Task 9, Epoch 5: Loss = 0.0064, Acc = 100.00%
2025-01-31 10:43:45,613 [INFO] Task 9, Epoch 6: Loss = 0.0053, Acc = 100.00%
2025-01-31 10:43:53,913 [INFO] Task 9, Epoch 7: Loss = 0.0044, Acc = 100.00%
2025-01-31 10:44:02,136 [INFO] Task 9, Epoch 8: Loss = 0.0036, Acc = 100.00%
2025-01-31 10:44:10,257 [INFO] Task 9, Epoch 9: Loss = 0.0032, Acc = 100.00%
2025-01-31 10:44:18,547 [INFO] Task 9, Epoch 10: Loss = 0.0029, Acc = 100.00%
2025-01-31 10:44:26,863 [INFO] Task 9, Epoch 11: Loss = 0.0025, Acc = 100.00%
2025-01-31 10:44:35,176 [INFO] Task 9, Epoch 12: Loss = 0.0021, Acc = 100.00%
2025-01-31 10:44:43,394 [INFO] Task 9, Epoch 13: Loss = 0.0020, Acc = 100.00%
2025-01-31 10:44:51,692 [INFO] Task 9, Epoch 14: Loss = 0.0017, Acc = 100.00%
2025-01-31 10:44:51,693 [INFO] Task 9 completed. Average loss: 0.0017
2025-01-31 10:44:59,634 [INFO] Accuracy on task 0: 0.00%
2025-01-31 10:45:07,598 [INFO] Accuracy on task 1: 0.00%
2025-01-31 10:45:15,547 [INFO] Accuracy on task 2: 0.00%
2025-01-31 10:45:23,521 [INFO] Accuracy on task 3: 0.00%
2025-01-31 10:45:31,390 [INFO] Accuracy on task 4: 0.00%
2025-01-31 10:45:39,339 [INFO] Accuracy on task 5: 0.00%
2025-01-31 10:45:47,305 [INFO] Accuracy on task 6: 0.00%
2025-01-31 10:45:55,272 [INFO] Accuracy on task 7: 5.80%
2025-01-31 10:46:03,216 [INFO] Accuracy on task 8: 40.50%
2025-01-31 10:46:11,152 [INFO] Accuracy on task 9: 100.00%
