2025-01-24 11:34:13,867 [INFO] 
    Summary of S-DoRA CIFAR-100 Benchmark

    1. Benchmark Setup:
    - Split CIFAR100 into 10 tasks using Avalanche
    - Each task has 10 classes with class-incremental setup

    2. SLoRA Class Structure:
    - Manages LoRA directions, alphas, and Incremental classifier + mask
    - ParameterList for alphas allows independent learning per task

    3. Training Strategy:
    - Task 0: Train LoRA direction (AB matrices) and alpha
    - Tasks 1-9: Freeze LoRA direction, only train new alpha and classifier
    - Uses masks to focus on current task classes

    4. Evaluation:
    - Tests each trained task on all previous tasks
    - Tracks accuracy using incrementally trained classifier with mask
    - Maintains running evaluation metrics

    5. Logging:
    - Timestamped files for experiment tracking
    - Records loss, accuracy, and key events
    - Uses tqdm for progress visualization

   
    
2025-01-24 11:34:13,868 [INFO] Starting S-LoRA CIFAR-100 experiment
2025-01-24 11:34:14,811 [INFO] Loading pretrained weights from Hugging Face hub (timm/vit_base_patch16_224.augreg2_in21k_ft_in1k)
2025-01-24 11:34:14,830 [INFO] [timm/vit_base_patch16_224.augreg2_in21k_ft_in1k] Safe alternative available for 'pytorch_model.bin' (as 'model.safetensors'). Loading weights using safetensors.
2025-01-24 11:34:18,446 [INFO] 
Starting task 0
2025-01-24 11:34:28,284 [INFO] Task 0, Epoch 0: Loss = 1.0658, Acc = 82.70%
2025-01-24 11:34:35,588 [INFO] Task 0, Epoch 1: Loss = 0.0235, Acc = 99.80%
2025-01-24 11:34:42,894 [INFO] Task 0, Epoch 2: Loss = 0.0069, Acc = 99.90%
2025-01-24 11:34:50,201 [INFO] Task 0, Epoch 3: Loss = 0.0030, Acc = 100.00%
2025-01-24 11:34:57,503 [INFO] Task 0, Epoch 4: Loss = 0.0015, Acc = 100.00%
2025-01-24 11:35:04,810 [INFO] Task 0, Epoch 5: Loss = 0.0010, Acc = 100.00%
2025-01-24 11:35:12,116 [INFO] Task 0, Epoch 6: Loss = 0.0008, Acc = 100.00%
2025-01-24 11:35:19,418 [INFO] Task 0, Epoch 7: Loss = 0.0006, Acc = 100.00%
2025-01-24 11:35:26,722 [INFO] Task 0, Epoch 8: Loss = 0.0004, Acc = 100.00%
2025-01-24 11:35:34,031 [INFO] Task 0, Epoch 9: Loss = 0.0004, Acc = 100.00%
