2025-01-23 14:30:41,821 [INFO] 
    Summary of S-LoRA CIFAR-100 Benchmark

    1. Benchmark Setup:
    - Split CIFAR100 into 10 tasks using Avalanche
    - Each task has 10 classes with class-incremental setup

    2. SLoRA Class Structure:
    - Manages LoRA directions, alphas, and Incremental classifier + mask
    - ParameterList for alphas allows independent learning per task

    3. Training Strategy:
    - Task 0: Train LoRA direction (AB matrices) and alpha
    - Tasks 1-9: Freeze LoRA direction, only train new alpha and classifier
    - Uses masks to focus on current task classes

    4. Evaluation:
    - Tests each trained task on all previous tasks
    - Tracks accuracy using incrementally trained classifier with mask
    - Maintains running evaluation metrics

    5. Logging:
    - Timestamped files for experiment tracking
    - Records loss, accuracy, and key events
    - Uses tqdm for progress visualization

    Need any clarification on specific components?
    
2025-01-23 14:30:41,822 [INFO] Starting S-LoRA CIFAR-100 experiment
2025-01-23 14:30:42,776 [INFO] Loading pretrained weights from Hugging Face hub (timm/vit_base_patch16_224.augreg2_in21k_ft_in1k)
2025-01-23 14:30:48,942 [INFO] [timm/vit_base_patch16_224.augreg2_in21k_ft_in1k] Safe alternative available for 'pytorch_model.bin' (as 'model.safetensors'). Loading weights using safetensors.
2025-01-23 14:30:52,021 [INFO] 
Starting task 0
2025-01-23 14:31:00,186 [INFO] Task 0, Epoch 0: Loss = 1.1061, Acc = 82.30%
2025-01-23 14:31:06,293 [INFO] Task 0, Epoch 1: Loss = 0.0285, Acc = 99.40%
2025-01-23 14:31:12,424 [INFO] Task 0, Epoch 2: Loss = 0.0095, Acc = 99.80%
2025-01-23 14:31:18,534 [INFO] Task 0, Epoch 3: Loss = 0.0032, Acc = 100.00%
2025-01-23 14:31:24,658 [INFO] Task 0, Epoch 4: Loss = 0.0015, Acc = 100.00%
2025-01-23 14:31:30,795 [INFO] Task 0, Epoch 5: Loss = 0.0012, Acc = 100.00%
2025-01-23 14:31:36,946 [INFO] Task 0, Epoch 6: Loss = 0.0009, Acc = 100.00%
2025-01-23 14:31:43,086 [INFO] Task 0, Epoch 7: Loss = 0.0006, Acc = 100.00%
2025-01-23 14:31:49,223 [INFO] Task 0, Epoch 8: Loss = 0.0005, Acc = 100.00%
2025-01-23 14:31:55,387 [INFO] Task 0, Epoch 9: Loss = 0.0004, Acc = 100.00%
2025-01-23 14:31:55,387 [INFO] Task 0 completed. Average loss: 0.0004
2025-01-23 14:31:58,693 [INFO] Accuracy on task 0: 100.00%
2025-01-23 14:31:58,694 [INFO] 
Starting task 1
2025-01-23 14:32:02,155 [INFO] Task 1, Epoch 0: Loss = 1.7057, Acc = 69.40%
2025-01-23 14:32:05,631 [INFO] Task 1, Epoch 1: Loss = 0.1168, Acc = 96.90%
2025-01-23 14:32:09,101 [INFO] Task 1, Epoch 2: Loss = 0.0500, Acc = 98.80%
2025-01-23 14:32:12,541 [INFO] Task 1, Epoch 3: Loss = 0.0334, Acc = 99.70%
2025-01-23 14:32:15,964 [INFO] Task 1, Epoch 4: Loss = 0.0193, Acc = 99.90%
2025-01-23 14:32:19,402 [INFO] Task 1, Epoch 5: Loss = 0.0138, Acc = 100.00%
2025-01-23 14:32:22,856 [INFO] Task 1, Epoch 6: Loss = 0.0110, Acc = 100.00%
2025-01-23 14:32:26,303 [INFO] Task 1, Epoch 7: Loss = 0.0092, Acc = 100.00%
2025-01-23 14:32:29,736 [INFO] Task 1, Epoch 8: Loss = 0.0079, Acc = 100.00%
2025-01-23 14:32:33,214 [INFO] Task 1, Epoch 9: Loss = 0.0067, Acc = 100.00%
2025-01-23 14:32:33,214 [INFO] Task 1 completed. Average loss: 0.0067
2025-01-23 14:32:36,560 [INFO] Accuracy on task 0: 33.80%
2025-01-23 14:32:39,889 [INFO] Accuracy on task 1: 100.00%
2025-01-23 14:32:39,889 [INFO] 
Starting task 2
2025-01-23 14:32:43,298 [INFO] Task 2, Epoch 0: Loss = 1.7427, Acc = 72.00%
2025-01-23 14:32:46,712 [INFO] Task 2, Epoch 1: Loss = 0.0478, Acc = 99.20%
2025-01-23 14:32:50,130 [INFO] Task 2, Epoch 2: Loss = 0.0231, Acc = 99.70%
2025-01-23 14:32:53,559 [INFO] Task 2, Epoch 3: Loss = 0.0129, Acc = 100.00%
2025-01-23 14:32:56,973 [INFO] Task 2, Epoch 4: Loss = 0.0096, Acc = 100.00%
2025-01-23 14:33:00,391 [INFO] Task 2, Epoch 5: Loss = 0.0071, Acc = 100.00%
2025-01-23 14:33:03,818 [INFO] Task 2, Epoch 6: Loss = 0.0058, Acc = 100.00%
2025-01-23 14:33:07,244 [INFO] Task 2, Epoch 7: Loss = 0.0055, Acc = 100.00%
2025-01-23 14:33:10,654 [INFO] Task 2, Epoch 8: Loss = 0.0047, Acc = 100.00%
2025-01-23 14:33:14,053 [INFO] Task 2, Epoch 9: Loss = 0.0034, Acc = 100.00%
2025-01-23 14:33:14,053 [INFO] Task 2 completed. Average loss: 0.0034
2025-01-23 14:33:17,356 [INFO] Accuracy on task 0: 0.20%
2025-01-23 14:33:20,645 [INFO] Accuracy on task 1: 6.20%
2025-01-23 14:33:23,932 [INFO] Accuracy on task 2: 100.00%
2025-01-23 14:33:23,932 [INFO] 
Starting task 3
2025-01-23 14:33:27,351 [INFO] Task 3, Epoch 0: Loss = 1.6404, Acc = 71.10%
2025-01-23 14:33:30,767 [INFO] Task 3, Epoch 1: Loss = 0.0541, Acc = 98.80%
2025-01-23 14:33:34,174 [INFO] Task 3, Epoch 2: Loss = 0.0292, Acc = 99.20%
2025-01-23 14:33:37,580 [INFO] Task 3, Epoch 3: Loss = 0.0159, Acc = 99.90%
2025-01-23 14:33:40,977 [INFO] Task 3, Epoch 4: Loss = 0.0106, Acc = 100.00%
2025-01-23 14:33:44,391 [INFO] Task 3, Epoch 5: Loss = 0.0086, Acc = 100.00%
2025-01-23 14:33:47,825 [INFO] Task 3, Epoch 6: Loss = 0.0073, Acc = 100.00%
2025-01-23 14:33:51,247 [INFO] Task 3, Epoch 7: Loss = 0.0063, Acc = 100.00%
2025-01-23 14:33:54,654 [INFO] Task 3, Epoch 8: Loss = 0.0048, Acc = 100.00%
2025-01-23 14:33:58,062 [INFO] Task 3, Epoch 9: Loss = 0.0039, Acc = 100.00%
2025-01-23 14:33:58,062 [INFO] Task 3 completed. Average loss: 0.0039
2025-01-23 14:34:01,342 [INFO] Accuracy on task 0: 0.00%
2025-01-23 14:34:04,621 [INFO] Accuracy on task 1: 0.00%
2025-01-23 14:34:07,889 [INFO] Accuracy on task 2: 16.30%
2025-01-23 14:34:11,170 [INFO] Accuracy on task 3: 100.00%
2025-01-23 14:34:11,170 [INFO] 
Starting task 4
2025-01-23 14:34:14,595 [INFO] Task 4, Epoch 0: Loss = 1.4390, Acc = 75.60%
2025-01-23 14:34:17,997 [INFO] Task 4, Epoch 1: Loss = 0.0448, Acc = 99.20%
2025-01-23 14:34:21,461 [INFO] Task 4, Epoch 2: Loss = 0.0198, Acc = 99.80%
2025-01-23 14:34:24,905 [INFO] Task 4, Epoch 3: Loss = 0.0142, Acc = 99.90%
2025-01-23 14:34:28,353 [INFO] Task 4, Epoch 4: Loss = 0.0098, Acc = 100.00%
2025-01-23 14:34:31,797 [INFO] Task 4, Epoch 5: Loss = 0.0072, Acc = 100.00%
2025-01-23 14:34:35,236 [INFO] Task 4, Epoch 6: Loss = 0.0059, Acc = 100.00%
2025-01-23 14:34:38,675 [INFO] Task 4, Epoch 7: Loss = 0.0048, Acc = 100.00%
2025-01-23 14:34:42,101 [INFO] Task 4, Epoch 8: Loss = 0.0041, Acc = 100.00%
2025-01-23 14:34:45,539 [INFO] Task 4, Epoch 9: Loss = 0.0036, Acc = 100.00%
2025-01-23 14:34:45,540 [INFO] Task 4 completed. Average loss: 0.0036
2025-01-23 14:34:48,845 [INFO] Accuracy on task 0: 0.00%
2025-01-23 14:34:52,159 [INFO] Accuracy on task 1: 0.00%
2025-01-23 14:34:55,468 [INFO] Accuracy on task 2: 0.10%
2025-01-23 14:34:58,763 [INFO] Accuracy on task 3: 14.40%
2025-01-23 14:35:02,098 [INFO] Accuracy on task 4: 100.00%
2025-01-23 14:35:02,099 [INFO] 
Starting task 5
2025-01-23 14:35:05,586 [INFO] Task 5, Epoch 0: Loss = 1.6672, Acc = 70.20%
2025-01-23 14:35:09,085 [INFO] Task 5, Epoch 1: Loss = 0.1155, Acc = 96.70%
2025-01-23 14:35:12,571 [INFO] Task 5, Epoch 2: Loss = 0.0707, Acc = 98.10%
2025-01-23 14:35:16,052 [INFO] Task 5, Epoch 3: Loss = 0.0375, Acc = 99.30%
2025-01-23 14:35:19,567 [INFO] Task 5, Epoch 4: Loss = 0.0254, Acc = 99.70%
2025-01-23 14:35:23,065 [INFO] Task 5, Epoch 5: Loss = 0.0180, Acc = 99.80%
2025-01-23 14:35:26,533 [INFO] Task 5, Epoch 6: Loss = 0.0140, Acc = 100.00%
2025-01-23 14:35:30,005 [INFO] Task 5, Epoch 7: Loss = 0.0114, Acc = 100.00%
2025-01-23 14:35:33,505 [INFO] Task 5, Epoch 8: Loss = 0.0103, Acc = 100.00%
2025-01-23 14:35:37,001 [INFO] Task 5, Epoch 9: Loss = 0.0098, Acc = 99.90%
2025-01-23 14:35:37,002 [INFO] Task 5 completed. Average loss: 0.0098
2025-01-23 14:35:40,307 [INFO] Accuracy on task 0: 0.00%
2025-01-23 14:35:43,603 [INFO] Accuracy on task 1: 0.00%
2025-01-23 14:35:46,898 [INFO] Accuracy on task 2: 0.00%
2025-01-23 14:35:50,190 [INFO] Accuracy on task 3: 1.20%
2025-01-23 14:35:53,485 [INFO] Accuracy on task 4: 12.00%
2025-01-23 14:35:56,781 [INFO] Accuracy on task 5: 100.00%
2025-01-23 14:35:56,782 [INFO] 
Starting task 6
2025-01-23 14:36:00,205 [INFO] Task 6, Epoch 0: Loss = 1.7351, Acc = 66.80%
2025-01-23 14:36:03,622 [INFO] Task 6, Epoch 1: Loss = 0.0853, Acc = 98.00%
2025-01-23 14:36:07,049 [INFO] Task 6, Epoch 2: Loss = 0.0424, Acc = 99.20%
2025-01-23 14:36:10,501 [INFO] Task 6, Epoch 3: Loss = 0.0273, Acc = 99.90%
2025-01-23 14:36:13,984 [INFO] Task 6, Epoch 4: Loss = 0.0192, Acc = 100.00%
2025-01-23 14:36:17,421 [INFO] Task 6, Epoch 5: Loss = 0.0111, Acc = 100.00%
2025-01-23 14:36:20,840 [INFO] Task 6, Epoch 6: Loss = 0.0080, Acc = 100.00%
2025-01-23 14:36:24,287 [INFO] Task 6, Epoch 7: Loss = 0.0066, Acc = 100.00%
2025-01-23 14:36:27,713 [INFO] Task 6, Epoch 8: Loss = 0.0058, Acc = 100.00%
2025-01-23 14:36:31,143 [INFO] Task 6, Epoch 9: Loss = 0.0050, Acc = 100.00%
2025-01-23 14:36:31,144 [INFO] Task 6 completed. Average loss: 0.0050
2025-01-23 14:36:34,474 [INFO] Accuracy on task 0: 0.00%
2025-01-23 14:36:37,788 [INFO] Accuracy on task 1: 0.00%
2025-01-23 14:36:41,102 [INFO] Accuracy on task 2: 0.00%
2025-01-23 14:36:44,419 [INFO] Accuracy on task 3: 0.00%
2025-01-23 14:36:47,729 [INFO] Accuracy on task 4: 0.10%
2025-01-23 14:36:51,049 [INFO] Accuracy on task 5: 16.30%
2025-01-23 14:36:54,354 [INFO] Accuracy on task 6: 100.00%
2025-01-23 14:36:54,355 [INFO] 
Starting task 7
2025-01-23 14:36:57,792 [INFO] Task 7, Epoch 0: Loss = 1.6713, Acc = 68.00%
2025-01-23 14:37:01,235 [INFO] Task 7, Epoch 1: Loss = 0.0947, Acc = 96.80%
2025-01-23 14:37:04,676 [INFO] Task 7, Epoch 2: Loss = 0.0526, Acc = 98.80%
2025-01-23 14:37:08,094 [INFO] Task 7, Epoch 3: Loss = 0.0341, Acc = 99.60%
2025-01-23 14:37:11,539 [INFO] Task 7, Epoch 4: Loss = 0.0211, Acc = 100.00%
2025-01-23 14:37:14,963 [INFO] Task 7, Epoch 5: Loss = 0.0148, Acc = 99.90%
2025-01-23 14:37:18,399 [INFO] Task 7, Epoch 6: Loss = 0.0117, Acc = 100.00%
2025-01-23 14:37:21,815 [INFO] Task 7, Epoch 7: Loss = 0.0098, Acc = 100.00%
2025-01-23 14:37:25,239 [INFO] Task 7, Epoch 8: Loss = 0.0084, Acc = 100.00%
2025-01-23 14:37:28,679 [INFO] Task 7, Epoch 9: Loss = 0.0070, Acc = 100.00%
2025-01-23 14:37:28,679 [INFO] Task 7 completed. Average loss: 0.0070
2025-01-23 14:37:31,987 [INFO] Accuracy on task 0: 0.00%
2025-01-23 14:37:35,282 [INFO] Accuracy on task 1: 0.00%
2025-01-23 14:37:38,598 [INFO] Accuracy on task 2: 0.00%
2025-01-23 14:37:41,903 [INFO] Accuracy on task 3: 0.00%
2025-01-23 14:37:45,204 [INFO] Accuracy on task 4: 0.00%
2025-01-23 14:37:48,576 [INFO] Accuracy on task 5: 0.30%
2025-01-23 14:37:51,893 [INFO] Accuracy on task 6: 7.00%
2025-01-23 14:37:55,222 [INFO] Accuracy on task 7: 100.00%
2025-01-23 14:37:55,222 [INFO] 
Starting task 8
2025-01-23 14:37:58,676 [INFO] Task 8, Epoch 0: Loss = 1.4781, Acc = 73.20%
2025-01-23 14:38:02,091 [INFO] Task 8, Epoch 1: Loss = 0.0631, Acc = 98.50%
2025-01-23 14:38:05,530 [INFO] Task 8, Epoch 2: Loss = 0.0334, Acc = 99.30%
2025-01-23 14:38:09,103 [INFO] Task 8, Epoch 3: Loss = 0.0131, Acc = 99.90%
2025-01-23 14:38:12,614 [INFO] Task 8, Epoch 4: Loss = 0.0092, Acc = 100.00%
2025-01-23 14:38:16,190 [INFO] Task 8, Epoch 5: Loss = 0.0068, Acc = 100.00%
2025-01-23 14:38:19,614 [INFO] Task 8, Epoch 6: Loss = 0.0053, Acc = 100.00%
2025-01-23 14:38:23,034 [INFO] Task 8, Epoch 7: Loss = 0.0042, Acc = 100.00%
2025-01-23 14:38:26,454 [INFO] Task 8, Epoch 8: Loss = 0.0039, Acc = 100.00%
2025-01-23 14:38:29,879 [INFO] Task 8, Epoch 9: Loss = 0.0031, Acc = 100.00%
2025-01-23 14:38:29,880 [INFO] Task 8 completed. Average loss: 0.0031
2025-01-23 14:38:33,175 [INFO] Accuracy on task 0: 0.00%
2025-01-23 14:38:36,478 [INFO] Accuracy on task 1: 0.00%
2025-01-23 14:38:39,773 [INFO] Accuracy on task 2: 0.00%
2025-01-23 14:38:43,078 [INFO] Accuracy on task 3: 0.00%
2025-01-23 14:38:46,376 [INFO] Accuracy on task 4: 0.00%
2025-01-23 14:38:49,671 [INFO] Accuracy on task 5: 0.00%
2025-01-23 14:38:52,966 [INFO] Accuracy on task 6: 0.00%
2025-01-23 14:38:56,280 [INFO] Accuracy on task 7: 17.00%
2025-01-23 14:38:59,579 [INFO] Accuracy on task 8: 100.00%
2025-01-23 14:38:59,579 [INFO] 
Starting task 9
2025-01-23 14:39:03,004 [INFO] Task 9, Epoch 0: Loss = 1.3625, Acc = 74.70%
2025-01-23 14:39:06,437 [INFO] Task 9, Epoch 1: Loss = 0.0361, Acc = 99.10%
2025-01-23 14:39:09,860 [INFO] Task 9, Epoch 2: Loss = 0.0142, Acc = 100.00%
2025-01-23 14:39:13,281 [INFO] Task 9, Epoch 3: Loss = 0.0083, Acc = 100.00%
2025-01-23 14:39:16,705 [INFO] Task 9, Epoch 4: Loss = 0.0060, Acc = 100.00%
2025-01-23 14:39:20,133 [INFO] Task 9, Epoch 5: Loss = 0.0049, Acc = 100.00%
2025-01-23 14:39:23,555 [INFO] Task 9, Epoch 6: Loss = 0.0042, Acc = 100.00%
2025-01-23 14:39:26,974 [INFO] Task 9, Epoch 7: Loss = 0.0038, Acc = 100.00%
2025-01-23 14:39:30,403 [INFO] Task 9, Epoch 8: Loss = 0.0031, Acc = 100.00%
2025-01-23 14:39:33,824 [INFO] Task 9, Epoch 9: Loss = 0.0025, Acc = 100.00%
2025-01-23 14:39:33,825 [INFO] Task 9 completed. Average loss: 0.0025
2025-01-23 14:39:37,124 [INFO] Accuracy on task 0: 0.00%
2025-01-23 14:39:40,435 [INFO] Accuracy on task 1: 0.00%
2025-01-23 14:39:43,736 [INFO] Accuracy on task 2: 0.00%
2025-01-23 14:39:47,031 [INFO] Accuracy on task 3: 0.00%
2025-01-23 14:39:50,326 [INFO] Accuracy on task 4: 0.00%
2025-01-23 14:39:53,630 [INFO] Accuracy on task 5: 0.00%
2025-01-23 14:39:56,937 [INFO] Accuracy on task 6: 0.00%
2025-01-23 14:40:00,314 [INFO] Accuracy on task 7: 0.40%
2025-01-23 14:40:03,665 [INFO] Accuracy on task 8: 10.90%
2025-01-23 14:40:07,023 [INFO] Accuracy on task 9: 100.00%
