2025-01-24 12:03:14,611 [INFO] 
    Summary of S-DoRA CIFAR-100 Benchmark

    1. Benchmark Setup:
    - Split CIFAR100 into 10 tasks using Avalanche
    - Each task has 10 classes with class-incremental setup

    2. SLoRA Class Structure:
    - Manages LoRA directions, alphas, and Incremental classifier + mask
    - ParameterList for alphas allows independent learning per task

    3. Training Strategy:
    - Task 0: Train LoRA direction (AB matrices) and alpha
    - Tasks 1-9: Freeze LoRA direction, only train new alpha and classifier
    - Uses masks to focus on current task classes

    4. Evaluation:
    - Tests each trained task on all previous tasks
    - Tracks accuracy using incrementally trained classifier with mask
    - Maintains running evaluation metrics

    5. Logging:
    - Timestamped files for experiment tracking
    - Records loss, accuracy, and key events
    - Uses tqdm for progress visualization

   
    
2025-01-24 12:03:14,611 [INFO] Starting S-LoRA CIFAR-100 experiment
2025-01-24 12:03:15,557 [INFO] Loading pretrained weights from Hugging Face hub (timm/vit_base_patch16_224.augreg2_in21k_ft_in1k)
2025-01-24 12:03:18,659 [INFO] [timm/vit_base_patch16_224.augreg2_in21k_ft_in1k] Safe alternative available for 'pytorch_model.bin' (as 'model.safetensors'). Loading weights using safetensors.
2025-01-24 12:03:22,719 [INFO] 
Starting task 0
2025-01-24 12:03:32,445 [INFO] Task 0, Epoch 0: Loss = 1.0658, Acc = 82.70%
2025-01-24 12:03:39,718 [INFO] Task 0, Epoch 1: Loss = 0.0235, Acc = 99.80%
2025-01-24 12:03:47,021 [INFO] Task 0, Epoch 2: Loss = 0.0069, Acc = 99.90%
2025-01-24 12:03:54,301 [INFO] Task 0, Epoch 3: Loss = 0.0029, Acc = 100.00%
2025-01-24 12:04:01,583 [INFO] Task 0, Epoch 4: Loss = 0.0015, Acc = 100.00%
2025-01-24 12:04:08,892 [INFO] Task 0, Epoch 5: Loss = 0.0010, Acc = 100.00%
2025-01-24 12:04:16,172 [INFO] Task 0, Epoch 6: Loss = 0.0008, Acc = 100.00%
2025-01-24 12:04:23,427 [INFO] Task 0, Epoch 7: Loss = 0.0006, Acc = 100.00%
2025-01-24 12:04:30,749 [INFO] Task 0, Epoch 8: Loss = 0.0004, Acc = 100.00%
2025-01-24 12:04:38,033 [INFO] Task 0, Epoch 9: Loss = 0.0004, Acc = 100.00%
2025-01-24 12:04:38,035 [INFO] Task 0 completed. Average loss: 0.1104
2025-01-24 12:04:41,603 [INFO] Accuracy on task 0: 100.00%
2025-01-24 12:04:41,604 [INFO] 
Starting task 1
2025-01-24 12:04:51,646 [INFO] Task 1, Epoch 0: Loss = 3.0830, Acc = 11.50%
2025-01-24 12:05:01,083 [INFO] Task 1, Epoch 1: Loss = 2.3313, Acc = 16.40%
2025-01-24 12:05:10,523 [INFO] Task 1, Epoch 2: Loss = 2.0197, Acc = 26.90%
2025-01-24 12:05:19,994 [INFO] Task 1, Epoch 3: Loss = 1.8319, Acc = 34.50%
2025-01-24 12:05:29,466 [INFO] Task 1, Epoch 4: Loss = 1.6421, Acc = 38.80%
2025-01-24 12:05:38,917 [INFO] Task 1, Epoch 5: Loss = 1.6903, Acc = 37.20%
2025-01-24 12:05:48,362 [INFO] Task 1, Epoch 6: Loss = 1.5499, Acc = 42.80%
2025-01-24 12:05:57,828 [INFO] Task 1, Epoch 7: Loss = 1.5450, Acc = 44.70%
2025-01-24 12:06:07,268 [INFO] Task 1, Epoch 8: Loss = 1.4129, Acc = 49.60%
2025-01-24 12:06:16,704 [INFO] Task 1, Epoch 9: Loss = 1.3722, Acc = 48.30%
2025-01-24 12:06:16,706 [INFO] Task 1 completed. Average loss: 1.8478
2025-01-24 12:06:20,281 [INFO] Accuracy on task 0: 0.00%
2025-01-24 12:06:23,813 [INFO] Accuracy on task 1: 58.20%
2025-01-24 12:06:23,813 [INFO] 
Starting task 2
2025-01-24 12:06:33,259 [INFO] Task 2, Epoch 0: Loss = 3.2007, Acc = 17.60%
2025-01-24 12:06:42,709 [INFO] Task 2, Epoch 1: Loss = 2.0684, Acc = 26.80%
2025-01-24 12:06:52,154 [INFO] Task 2, Epoch 2: Loss = 1.9074, Acc = 33.50%
2025-01-24 12:07:01,599 [INFO] Task 2, Epoch 3: Loss = 1.6755, Acc = 40.40%
2025-01-24 12:07:11,011 [INFO] Task 2, Epoch 4: Loss = 1.6580, Acc = 43.10%
2025-01-24 12:07:20,457 [INFO] Task 2, Epoch 5: Loss = 1.6046, Acc = 44.10%
2025-01-24 12:07:29,879 [INFO] Task 2, Epoch 6: Loss = 1.6437, Acc = 41.10%
2025-01-24 12:07:39,323 [INFO] Task 2, Epoch 7: Loss = 1.4964, Acc = 49.50%
2025-01-24 12:07:48,765 [INFO] Task 2, Epoch 8: Loss = 1.4353, Acc = 50.30%
2025-01-24 12:07:58,206 [INFO] Task 2, Epoch 9: Loss = 1.4093, Acc = 50.20%
2025-01-24 12:07:58,208 [INFO] Task 2 completed. Average loss: 1.8099
2025-01-24 12:08:01,815 [INFO] Accuracy on task 0: 0.00%
2025-01-24 12:08:05,348 [INFO] Accuracy on task 1: 0.00%
2025-01-24 12:08:08,899 [INFO] Accuracy on task 2: 57.80%
2025-01-24 12:08:08,899 [INFO] 
Starting task 3
2025-01-24 12:08:18,331 [INFO] Task 3, Epoch 0: Loss = 2.1803, Acc = 29.60%
2025-01-24 12:08:27,820 [INFO] Task 3, Epoch 1: Loss = 1.7309, Acc = 40.20%
2025-01-24 12:08:37,291 [INFO] Task 3, Epoch 2: Loss = 1.5746, Acc = 46.40%
2025-01-24 12:08:46,741 [INFO] Task 3, Epoch 3: Loss = 1.5104, Acc = 47.00%
2025-01-24 12:08:56,231 [INFO] Task 3, Epoch 4: Loss = 1.4349, Acc = 48.30%
2025-01-24 12:09:05,703 [INFO] Task 3, Epoch 5: Loss = 1.3017, Acc = 55.00%
2025-01-24 12:09:15,160 [INFO] Task 3, Epoch 6: Loss = 1.3373, Acc = 54.00%
2025-01-24 12:09:24,570 [INFO] Task 3, Epoch 7: Loss = 1.2858, Acc = 53.40%
2025-01-24 12:09:34,006 [INFO] Task 3, Epoch 8: Loss = 1.2325, Acc = 55.10%
2025-01-24 12:09:43,480 [INFO] Task 3, Epoch 9: Loss = 1.1504, Acc = 58.30%
2025-01-24 12:09:43,482 [INFO] Task 3 completed. Average loss: 1.4739
2025-01-24 12:09:47,015 [INFO] Accuracy on task 0: 0.00%
2025-01-24 12:09:50,532 [INFO] Accuracy on task 1: 0.00%
2025-01-24 12:09:54,059 [INFO] Accuracy on task 2: 0.00%
2025-01-24 12:09:57,584 [INFO] Accuracy on task 3: 62.50%
2025-01-24 12:09:57,585 [INFO] 
Starting task 4
2025-01-24 12:10:07,023 [INFO] Task 4, Epoch 0: Loss = 2.0743, Acc = 34.20%
2025-01-24 12:10:16,443 [INFO] Task 4, Epoch 1: Loss = 1.5753, Acc = 43.50%
2025-01-24 12:10:25,855 [INFO] Task 4, Epoch 2: Loss = 1.6640, Acc = 44.40%
2025-01-24 12:10:35,280 [INFO] Task 4, Epoch 3: Loss = 1.4947, Acc = 46.30%
2025-01-24 12:10:44,708 [INFO] Task 4, Epoch 4: Loss = 1.4156, Acc = 51.20%
2025-01-24 12:10:54,124 [INFO] Task 4, Epoch 5: Loss = 1.3325, Acc = 53.10%
2025-01-24 12:11:03,535 [INFO] Task 4, Epoch 6: Loss = 1.4373, Acc = 48.60%
2025-01-24 12:11:12,959 [INFO] Task 4, Epoch 7: Loss = 1.2153, Acc = 57.30%
2025-01-24 12:11:22,401 [INFO] Task 4, Epoch 8: Loss = 1.1997, Acc = 57.20%
2025-01-24 12:11:31,812 [INFO] Task 4, Epoch 9: Loss = 1.1190, Acc = 59.80%
2025-01-24 12:11:31,814 [INFO] Task 4 completed. Average loss: 1.4528
2025-01-24 12:11:35,361 [INFO] Accuracy on task 0: 0.00%
2025-01-24 12:11:38,904 [INFO] Accuracy on task 1: 0.00%
2025-01-24 12:11:42,470 [INFO] Accuracy on task 2: 0.00%
2025-01-24 12:11:46,033 [INFO] Accuracy on task 3: 1.70%
2025-01-24 12:11:49,624 [INFO] Accuracy on task 4: 61.90%
2025-01-24 12:11:49,624 [INFO] 
Starting task 5
2025-01-24 12:11:59,075 [INFO] Task 5, Epoch 0: Loss = 2.1803, Acc = 27.30%
2025-01-24 12:12:08,535 [INFO] Task 5, Epoch 1: Loss = 1.7477, Acc = 36.80%
2025-01-24 12:12:18,009 [INFO] Task 5, Epoch 2: Loss = 1.6592, Acc = 43.40%
2025-01-24 12:12:27,435 [INFO] Task 5, Epoch 3: Loss = 1.5722, Acc = 46.40%
2025-01-24 12:12:36,908 [INFO] Task 5, Epoch 4: Loss = 1.5536, Acc = 46.70%
2025-01-24 12:12:46,368 [INFO] Task 5, Epoch 5: Loss = 1.5803, Acc = 42.90%
2025-01-24 12:12:55,824 [INFO] Task 5, Epoch 6: Loss = 1.4112, Acc = 50.50%
2025-01-24 12:13:05,253 [INFO] Task 5, Epoch 7: Loss = 1.4360, Acc = 49.20%
2025-01-24 12:13:14,681 [INFO] Task 5, Epoch 8: Loss = 1.3698, Acc = 52.00%
2025-01-24 12:13:24,099 [INFO] Task 5, Epoch 9: Loss = 1.3024, Acc = 54.70%
2025-01-24 12:13:24,102 [INFO] Task 5 completed. Average loss: 1.5813
2025-01-24 12:13:27,640 [INFO] Accuracy on task 0: 0.00%
2025-01-24 12:13:31,217 [INFO] Accuracy on task 1: 0.00%
2025-01-24 12:13:34,795 [INFO] Accuracy on task 2: 0.00%
2025-01-24 12:13:38,378 [INFO] Accuracy on task 3: 0.00%
2025-01-24 12:13:41,969 [INFO] Accuracy on task 4: 0.70%
2025-01-24 12:13:45,496 [INFO] Accuracy on task 5: 60.50%
2025-01-24 12:13:45,496 [INFO] 
Starting task 6
2025-01-24 12:13:54,975 [INFO] Task 6, Epoch 0: Loss = 2.1748, Acc = 31.70%
2025-01-24 12:14:04,425 [INFO] Task 6, Epoch 1: Loss = 1.5944, Acc = 45.00%
2025-01-24 12:14:13,882 [INFO] Task 6, Epoch 2: Loss = 1.4499, Acc = 51.40%
2025-01-24 12:14:23,301 [INFO] Task 6, Epoch 3: Loss = 1.3813, Acc = 52.20%
2025-01-24 12:14:32,754 [INFO] Task 6, Epoch 4: Loss = 1.3370, Acc = 54.20%
2025-01-24 12:14:42,242 [INFO] Task 6, Epoch 5: Loss = 1.2699, Acc = 56.50%
2025-01-24 12:14:51,706 [INFO] Task 6, Epoch 6: Loss = 1.2035, Acc = 57.70%
2025-01-24 12:15:01,156 [INFO] Task 6, Epoch 7: Loss = 1.1907, Acc = 59.30%
2025-01-24 12:15:10,590 [INFO] Task 6, Epoch 8: Loss = 1.3601, Acc = 54.20%
2025-01-24 12:15:20,028 [INFO] Task 6, Epoch 9: Loss = 1.1520, Acc = 60.00%
2025-01-24 12:15:20,032 [INFO] Task 6 completed. Average loss: 1.4114
2025-01-24 12:15:23,593 [INFO] Accuracy on task 0: 0.00%
2025-01-24 12:15:27,125 [INFO] Accuracy on task 1: 0.00%
2025-01-24 12:15:30,648 [INFO] Accuracy on task 2: 0.00%
2025-01-24 12:15:34,185 [INFO] Accuracy on task 3: 0.00%
2025-01-24 12:15:37,708 [INFO] Accuracy on task 4: 0.60%
2025-01-24 12:15:41,234 [INFO] Accuracy on task 5: 2.40%
2025-01-24 12:15:44,772 [INFO] Accuracy on task 6: 69.10%
2025-01-24 12:15:44,772 [INFO] 
Starting task 7
2025-01-24 12:15:54,209 [INFO] Task 7, Epoch 0: Loss = 2.3465, Acc = 23.60%
2025-01-24 12:16:03,694 [INFO] Task 7, Epoch 1: Loss = 1.7751, Acc = 37.40%
2025-01-24 12:16:13,132 [INFO] Task 7, Epoch 2: Loss = 1.6722, Acc = 42.10%
2025-01-24 12:16:22,596 [INFO] Task 7, Epoch 3: Loss = 1.5801, Acc = 45.70%
2025-01-24 12:16:32,071 [INFO] Task 7, Epoch 4: Loss = 1.4998, Acc = 45.40%
2025-01-24 12:16:41,506 [INFO] Task 7, Epoch 5: Loss = 1.3674, Acc = 52.30%
2025-01-24 12:16:50,957 [INFO] Task 7, Epoch 6: Loss = 1.6096, Acc = 44.50%
2025-01-24 12:17:00,417 [INFO] Task 7, Epoch 7: Loss = 1.6730, Acc = 40.70%
2025-01-24 12:17:09,852 [INFO] Task 7, Epoch 8: Loss = 1.6245, Acc = 39.80%
2025-01-24 12:17:19,300 [INFO] Task 7, Epoch 9: Loss = 1.4526, Acc = 50.10%
2025-01-24 12:17:19,304 [INFO] Task 7 completed. Average loss: 1.6601
2025-01-24 12:17:22,883 [INFO] Accuracy on task 0: 0.00%
2025-01-24 12:17:26,467 [INFO] Accuracy on task 1: 0.00%
2025-01-24 12:17:30,079 [INFO] Accuracy on task 2: 0.00%
2025-01-24 12:17:33,629 [INFO] Accuracy on task 3: 0.00%
2025-01-24 12:17:37,155 [INFO] Accuracy on task 4: 0.00%
2025-01-24 12:17:40,675 [INFO] Accuracy on task 5: 0.30%
2025-01-24 12:17:44,202 [INFO] Accuracy on task 6: 2.70%
2025-01-24 12:17:47,723 [INFO] Accuracy on task 7: 56.50%
2025-01-24 12:17:47,723 [INFO] 
Starting task 8
2025-01-24 12:17:57,219 [INFO] Task 8, Epoch 0: Loss = 2.0188, Acc = 34.70%
2025-01-24 12:18:06,677 [INFO] Task 8, Epoch 1: Loss = 1.4515, Acc = 48.60%
2025-01-24 12:18:16,109 [INFO] Task 8, Epoch 2: Loss = 1.2581, Acc = 55.00%
2025-01-24 12:18:25,637 [INFO] Task 8, Epoch 3: Loss = 1.0627, Acc = 61.00%
2025-01-24 12:18:35,132 [INFO] Task 8, Epoch 4: Loss = 1.0844, Acc = 60.70%
2025-01-24 12:18:44,564 [INFO] Task 8, Epoch 5: Loss = 0.9689, Acc = 67.70%
2025-01-24 12:18:54,051 [INFO] Task 8, Epoch 6: Loss = 0.8262, Acc = 70.80%
2025-01-24 12:19:03,534 [INFO] Task 8, Epoch 7: Loss = 0.7986, Acc = 72.20%
2025-01-24 12:19:13,003 [INFO] Task 8, Epoch 8: Loss = 0.8750, Acc = 67.80%
2025-01-24 12:19:22,449 [INFO] Task 8, Epoch 9: Loss = 0.7776, Acc = 71.20%
2025-01-24 12:19:22,450 [INFO] Task 8 completed. Average loss: 1.1122
2025-01-24 12:19:26,019 [INFO] Accuracy on task 0: 0.00%
2025-01-24 12:19:29,541 [INFO] Accuracy on task 1: 0.00%
2025-01-24 12:19:33,076 [INFO] Accuracy on task 2: 0.00%
2025-01-24 12:19:36,621 [INFO] Accuracy on task 3: 0.00%
2025-01-24 12:19:40,152 [INFO] Accuracy on task 4: 0.00%
2025-01-24 12:19:43,686 [INFO] Accuracy on task 5: 0.00%
2025-01-24 12:19:47,247 [INFO] Accuracy on task 6: 1.20%
2025-01-24 12:19:50,829 [INFO] Accuracy on task 7: 7.70%
2025-01-24 12:19:54,445 [INFO] Accuracy on task 8: 74.00%
2025-01-24 12:19:54,445 [INFO] 
Starting task 9
2025-01-24 12:20:03,867 [INFO] Task 9, Epoch 0: Loss = 2.0699, Acc = 35.00%
2025-01-24 12:20:13,304 [INFO] Task 9, Epoch 1: Loss = 1.4466, Acc = 46.30%
2025-01-24 12:20:22,726 [INFO] Task 9, Epoch 2: Loss = 1.2926, Acc = 56.20%
2025-01-24 12:20:32,152 [INFO] Task 9, Epoch 3: Loss = 1.1719, Acc = 59.10%
2025-01-24 12:20:41,584 [INFO] Task 9, Epoch 4: Loss = 1.1309, Acc = 60.40%
2025-01-24 12:20:51,011 [INFO] Task 9, Epoch 5: Loss = 1.0334, Acc = 61.50%
2025-01-24 12:21:00,445 [INFO] Task 9, Epoch 6: Loss = 0.9455, Acc = 67.10%
2025-01-24 12:21:09,873 [INFO] Task 9, Epoch 7: Loss = 0.9674, Acc = 66.30%
2025-01-24 12:21:19,293 [INFO] Task 9, Epoch 8: Loss = 0.8680, Acc = 70.10%
2025-01-24 12:21:28,712 [INFO] Task 9, Epoch 9: Loss = 0.8799, Acc = 70.00%
2025-01-24 12:21:28,714 [INFO] Task 9 completed. Average loss: 1.1806
2025-01-24 12:21:32,263 [INFO] Accuracy on task 0: 0.00%
2025-01-24 12:21:35,808 [INFO] Accuracy on task 1: 0.00%
2025-01-24 12:21:39,383 [INFO] Accuracy on task 2: 0.00%
2025-01-24 12:21:42,916 [INFO] Accuracy on task 3: 0.00%
2025-01-24 12:21:46,440 [INFO] Accuracy on task 4: 0.00%
2025-01-24 12:21:49,964 [INFO] Accuracy on task 5: 0.00%
2025-01-24 12:21:53,490 [INFO] Accuracy on task 6: 0.00%
2025-01-24 12:21:57,013 [INFO] Accuracy on task 7: 1.10%
2025-01-24 12:22:00,537 [INFO] Accuracy on task 8: 12.60%
2025-01-24 12:22:04,060 [INFO] Accuracy on task 9: 78.30%
